<?xml version="1.0" encoding="UTF-8"?>
<!-- Generated by org.testng.reporters.JUnitReportReporter -->
<testsuite hostname="LAPTOP-EMRKA2TJ" failures="0" tests="1" name="tests.SimpleFormPageTest" time="9.592" errors="0" timestamp="2025-03-26T13:43:41 CET" skipped="0">
  <testcase classname="tests.SimpleFormPageTest" name="testSimpleForm" time="9.592"/>
</testsuite> <!-- tests.SimpleFormPageTest -->
