<?xml version="1.0" encoding="UTF-8"?>
<!-- Generated by org.testng.reporters.JUnitReportReporter -->
<testsuite hostname="LAPTOP-EMRKA2TJ" failures="0" tests="3" name="tests.LambdaTest" time="57.439" errors="0" timestamp="2025-03-27T17:30:29 CET" skipped="0">
  <testcase classname="tests.LambdaTest" name="testSimpleForm" time="19.341"/>
  <testcase classname="tests.LambdaTest" name="testSlider" time="16.708"/>
  <testcase classname="tests.LambdaTest" name="testInputForm" time="21.390"/>
</testsuite> <!-- tests.LambdaTest -->
